2014-07-10 17:05:23.328 [main] DEBUG org.springframework.core.env.StandardEnvironment - Initializing new StandardEnvironment
2014-07-10 17:05:23.343 [main] DEBUG org.springframework.core.env.StandardEnvironment - Adding [systemProperties] PropertySource with lowest search precedence
2014-07-10 17:05:23.343 [main] DEBUG org.springframework.core.env.StandardEnvironment - Adding [systemEnvironment] PropertySource with lowest search precedence
2014-07-10 17:05:23.343 [main] DEBUG org.springframework.core.env.StandardEnvironment - Initialized StandardEnvironment with PropertySources [systemProperties,systemEnvironment]
2014-07-10 17:05:23.343 [main] INFO  o.s.context.support.ClassPathXmlApplicationContext - Refreshing org.springframework.context.support.ClassPathXmlApplicationContext@1df280b: startup date [Thu Jul 10 17:05:23 CST 2014]; root of context hierarchy
2014-07-10 17:05:23.406 [main] DEBUG org.springframework.core.env.StandardEnvironment - Initializing new StandardEnvironment
2014-07-10 17:05:23.406 [main] DEBUG org.springframework.core.env.StandardEnvironment - Adding [systemProperties] PropertySource with lowest search precedence
2014-07-10 17:05:23.406 [main] DEBUG org.springframework.core.env.StandardEnvironment - Adding [systemEnvironment] PropertySource with lowest search precedence
2014-07-10 17:05:23.406 [main] DEBUG org.springframework.core.env.StandardEnvironment - Initialized StandardEnvironment with PropertySources [systemProperties,systemEnvironment]
2014-07-10 17:05:23.406 [main] DEBUG org.springframework.core.env.StandardEnvironment - Initializing new StandardEnvironment
2014-07-10 17:05:23.406 [main] DEBUG org.springframework.core.env.StandardEnvironment - Adding [systemProperties] PropertySource with lowest search precedence
2014-07-10 17:05:23.406 [main] DEBUG org.springframework.core.env.StandardEnvironment - Adding [systemEnvironment] PropertySource with lowest search precedence
2014-07-10 17:05:23.406 [main] DEBUG org.springframework.core.env.StandardEnvironment - Initialized StandardEnvironment with PropertySources [systemProperties,systemEnvironment]
2014-07-10 17:05:23.421 [main] INFO  o.s.beans.factory.xml.XmlBeanDefinitionReader - Loading XML bean definitions from class path resource [beans.xml]
2014-07-10 17:05:23.421 [main] DEBUG o.s.beans.factory.xml.DefaultDocumentLoader - Using JAXP provider [com.sun.org.apache.xerces.internal.jaxp.DocumentBuilderFactoryImpl]
2014-07-10 17:05:23.453 [main] DEBUG o.s.beans.factory.xml.PluggableSchemaResolver - Loading schema mappings from [META-INF/spring.schemas]
2014-07-10 17:05:23.453 [main] DEBUG o.s.beans.factory.xml.PluggableSchemaResolver - Loaded schema mappings: {http://www.springframework.org/schema/util/spring-util.xsd=org/springframework/beans/factory/xml/spring-util-3.1.xsd, http://www.springframework.org/schema/beans/spring-beans-3.1.xsd=org/springframework/beans/factory/xml/spring-beans-3.1.xsd, http://www.springframework.org/schema/task/spring-task.xsd=org/springframework/scheduling/config/spring-task-3.1.xsd, http://www.springframework.org/schema/cache/spring-cache.xsd=org/springframework/cache/config/spring-cache-3.1.xsd, http://www.springframework.org/schema/aop/spring-aop-3.0.xsd=org/springframework/aop/config/spring-aop-3.0.xsd, http://www.springframework.org/schema/task/spring-task-3.1.xsd=org/springframework/scheduling/config/spring-task-3.1.xsd, http://www.springframework.org/schema/aop/spring-aop-2.0.xsd=org/springframework/aop/config/spring-aop-2.0.xsd, http://www.springframework.org/schema/tool/spring-tool-2.5.xsd=org/springframework/beans/factory/xml/spring-tool-2.5.xsd, http://www.springframework.org/schema/beans/spring-beans.xsd=org/springframework/beans/factory/xml/spring-beans-3.1.xsd, http://www.springframework.org/schema/jee/spring-jee-2.5.xsd=org/springframework/ejb/config/spring-jee-2.5.xsd, http://www.springframework.org/schema/tool/spring-tool-3.1.xsd=org/springframework/beans/factory/xml/spring-tool-3.1.xsd, http://www.springframework.org/schema/jee/spring-jee-3.1.xsd=org/springframework/ejb/config/spring-jee-3.1.xsd, http://www.springframework.org/schema/aop/spring-aop.xsd=org/springframework/aop/config/spring-aop-3.1.xsd, http://www.springframework.org/schema/beans/spring-beans-2.0.xsd=org/springframework/beans/factory/xml/spring-beans-2.0.xsd, http://www.springframework.org/schema/beans/spring-beans-3.0.xsd=org/springframework/beans/factory/xml/spring-beans-3.0.xsd, http://www.springframework.org/schema/task/spring-task-3.0.xsd=org/springframework/scheduling/config/spring-task-3.0.xsd, http://www.springframework.org/schema/context/spring-context-2.5.xsd=org/springframework/context/config/spring-context-2.5.xsd, http://www.springframework.org/schema/tool/spring-tool-3.0.xsd=org/springframework/beans/factory/xml/spring-tool-3.0.xsd, http://www.springframework.org/schema/util/spring-util-2.5.xsd=org/springframework/beans/factory/xml/spring-util-2.5.xsd, http://www.springframework.org/schema/tool/spring-tool-2.0.xsd=org/springframework/beans/factory/xml/spring-tool-2.0.xsd, http://www.springframework.org/schema/lang/spring-lang.xsd=org/springframework/scripting/config/spring-lang-3.1.xsd, http://www.springframework.org/schema/lang/spring-lang-2.5.xsd=org/springframework/scripting/config/spring-lang-2.5.xsd, http://www.springframework.org/schema/jee/spring-jee-3.0.xsd=org/springframework/ejb/config/spring-jee-3.0.xsd, http://www.springframework.org/schema/jee/spring-jee-2.0.xsd=org/springframework/ejb/config/spring-jee-2.0.xsd, http://www.springframework.org/schema/context/spring-context-3.1.xsd=org/springframework/context/config/spring-context-3.1.xsd, http://www.springframework.org/schema/util/spring-util-3.1.xsd=org/springframework/beans/factory/xml/spring-util-3.1.xsd, http://www.springframework.org/schema/lang/spring-lang-3.1.xsd=org/springframework/scripting/config/spring-lang-3.1.xsd, http://www.springframework.org/schema/cache/spring-cache-3.1.xsd=org/springframework/cache/config/spring-cache-3.1.xsd, http://www.springframework.org/schema/context/spring-context.xsd=org/springframework/context/config/spring-context-3.1.xsd, http://www.springframework.org/schema/jee/spring-jee.xsd=org/springframework/ejb/config/spring-jee-3.1.xsd, http://www.springframework.org/schema/aop/spring-aop-2.5.xsd=org/springframework/aop/config/spring-aop-2.5.xsd, http://www.springframework.org/schema/aop/spring-aop-3.1.xsd=org/springframework/aop/config/spring-aop-3.1.xsd, http://www.springframework.org/schema/context/spring-context-3.0.xsd=org/springframework/context/config/spring-context-3.0.xsd, http://www.springframework.org/schema/tool/spring-tool.xsd=org/springframework/beans/factory/xml/spring-tool-3.1.xsd, http://www.springframework.org/schema/util/spring-util-3.0.xsd=org/springframework/beans/factory/xml/spring-util-3.0.xsd, http://www.springframework.org/schema/lang/spring-lang-3.0.xsd=org/springframework/scripting/config/spring-lang-3.0.xsd, http://www.springframework.org/schema/util/spring-util-2.0.xsd=org/springframework/beans/factory/xml/spring-util-2.0.xsd, http://www.springframework.org/schema/lang/spring-lang-2.0.xsd=org/springframework/scripting/config/spring-lang-2.0.xsd, http://www.springframework.org/schema/beans/spring-beans-2.5.xsd=org/springframework/beans/factory/xml/spring-beans-2.5.xsd}
2014-07-10 17:05:23.453 [main] DEBUG o.s.beans.factory.xml.PluggableSchemaResolver - Found XML schema [http://www.springframework.org/schema/beans/spring-beans-2.5.xsd] in classpath: org/springframework/beans/factory/xml/spring-beans-2.5.xsd
2014-07-10 17:05:23.484 [main] DEBUG o.s.b.f.xml.DefaultBeanDefinitionDocumentReader - Loading bean definitions
2014-07-10 17:05:23.515 [main] DEBUG o.s.beans.factory.xml.XmlBeanDefinitionReader - Loaded 2 bean definitions from location pattern [beans.xml]
2014-07-10 17:05:23.515 [main] DEBUG o.s.context.support.ClassPathXmlApplicationContext - Bean factory for org.springframework.context.support.ClassPathXmlApplicationContext@1df280b: org.springframework.beans.factory.support.DefaultListableBeanFactory@12884e0: defining beans [userDAO,userService]; root of factory hierarchy
2014-07-10 17:05:23.531 [main] DEBUG o.s.context.support.ClassPathXmlApplicationContext - Unable to locate MessageSource with name 'messageSource': using default [org.springframework.context.support.DelegatingMessageSource@13c7378]
2014-07-10 17:05:23.531 [main] DEBUG o.s.context.support.ClassPathXmlApplicationContext - Unable to locate ApplicationEventMulticaster with name 'applicationEventMulticaster': using default [org.springframework.context.event.SimpleApplicationEventMulticaster@82d37]
2014-07-10 17:05:23.531 [main] INFO  o.s.b.factory.support.DefaultListableBeanFactory - Pre-instantiating singletons in org.springframework.beans.factory.support.DefaultListableBeanFactory@12884e0: defining beans [userDAO,userService]; root of factory hierarchy
2014-07-10 17:05:23.531 [main] DEBUG o.s.b.factory.support.DefaultListableBeanFactory - Creating shared instance of singleton bean 'userDAO'
2014-07-10 17:05:23.531 [main] DEBUG o.s.b.factory.support.DefaultListableBeanFactory - Creating instance of bean 'userDAO'
2014-07-10 17:05:23.546 [main] DEBUG o.s.b.factory.support.DefaultListableBeanFactory - Eagerly caching bean 'userDAO' to allow for resolving potential circular references
2014-07-10 17:05:23.578 [main] DEBUG org.springframework.core.env.StandardEnvironment - Initializing new StandardEnvironment
2014-07-10 17:05:23.578 [main] DEBUG org.springframework.core.env.StandardEnvironment - Adding [systemProperties] PropertySource with lowest search precedence
2014-07-10 17:05:23.578 [main] DEBUG org.springframework.core.env.StandardEnvironment - Adding [systemEnvironment] PropertySource with lowest search precedence
2014-07-10 17:05:23.578 [main] DEBUG org.springframework.core.env.StandardEnvironment - Initialized StandardEnvironment with PropertySources [systemProperties,systemEnvironment]
2014-07-10 17:05:23.578 [main] DEBUG org.springframework.core.env.StandardEnvironment - Initializing new StandardEnvironment
2014-07-10 17:05:23.578 [main] DEBUG org.springframework.core.env.StandardEnvironment - Adding [systemProperties] PropertySource with lowest search precedence
2014-07-10 17:05:23.578 [main] DEBUG org.springframework.core.env.StandardEnvironment - Adding [systemEnvironment] PropertySource with lowest search precedence
2014-07-10 17:05:23.578 [main] DEBUG org.springframework.core.env.StandardEnvironment - Initialized StandardEnvironment with PropertySources [systemProperties,systemEnvironment]
2014-07-10 17:05:23.578 [main] DEBUG org.springframework.core.env.StandardEnvironment - Initializing new StandardEnvironment
2014-07-10 17:05:23.578 [main] DEBUG org.springframework.core.env.StandardEnvironment - Adding [systemProperties] PropertySource with lowest search precedence
2014-07-10 17:05:23.578 [main] DEBUG org.springframework.core.env.StandardEnvironment - Adding [systemEnvironment] PropertySource with lowest search precedence
2014-07-10 17:05:23.578 [main] DEBUG org.springframework.core.env.StandardEnvironment - Initialized StandardEnvironment with PropertySources [systemProperties,systemEnvironment]
2014-07-10 17:05:23.578 [main] DEBUG org.springframework.core.env.StandardEnvironment - Initializing new StandardEnvironment
2014-07-10 17:05:23.578 [main] DEBUG org.springframework.core.env.StandardEnvironment - Adding [systemProperties] PropertySource with lowest search precedence
2014-07-10 17:05:23.578 [main] DEBUG org.springframework.core.env.StandardEnvironment - Adding [systemEnvironment] PropertySource with lowest search precedence
2014-07-10 17:05:23.578 [main] DEBUG org.springframework.core.env.StandardEnvironment - Initialized StandardEnvironment with PropertySources [systemProperties,systemEnvironment]
2014-07-10 17:05:23.578 [main] DEBUG org.springframework.core.env.StandardEnvironment - Initializing new StandardEnvironment
2014-07-10 17:05:23.578 [main] DEBUG org.springframework.core.env.StandardEnvironment - Adding [systemProperties] PropertySource with lowest search precedence
2014-07-10 17:05:23.578 [main] DEBUG org.springframework.core.env.StandardEnvironment - Adding [systemEnvironment] PropertySource with lowest search precedence
2014-07-10 17:05:23.578 [main] DEBUG org.springframework.core.env.StandardEnvironment - Initialized StandardEnvironment with PropertySources [systemProperties,systemEnvironment]
2014-07-10 17:05:23.578 [main] DEBUG o.s.b.factory.support.DefaultListableBeanFactory - Finished creating instance of bean 'userDAO'
2014-07-10 17:05:23.578 [main] DEBUG o.s.context.support.ClassPathXmlApplicationContext - Unable to locate LifecycleProcessor with name 'lifecycleProcessor': using default [org.springframework.context.support.DefaultLifecycleProcessor@8ceeea]
2014-07-10 17:05:23.593 [main] DEBUG o.s.b.factory.support.DefaultListableBeanFactory - Returning cached instance of singleton bean 'lifecycleProcessor'
2014-07-10 17:05:23.593 [main] DEBUG o.s.b.factory.support.DefaultListableBeanFactory - Creating instance of bean 'userService'
2014-07-10 17:05:23.593 [main] DEBUG o.s.b.factory.support.DefaultListableBeanFactory - Returning cached instance of singleton bean 'userDAO'
2014-07-10 17:05:23.609 [main] DEBUG o.s.b.factory.support.DefaultListableBeanFactory - Finished creating instance of bean 'userService'
2014-07-10 17:05:23.609 [main] DEBUG o.s.b.factory.support.DefaultListableBeanFactory - Creating instance of bean 'userService'
2014-07-10 17:05:23.609 [main] DEBUG o.s.b.factory.support.DefaultListableBeanFactory - Returning cached instance of singleton bean 'userDAO'
2014-07-10 17:05:23.609 [main] DEBUG o.s.b.factory.support.DefaultListableBeanFactory - Finished creating instance of bean 'userService'
